LogStatEvent:	/usr/local/revisedJQF/v8/RevisedJQF/xmls/7OXHR.xml#info	hashid:44320
LogStatEvent:	/efghpagerank7uPnFAkZAl#info	hashid:48417
LogStatEvent:	none#info	hashid:11327
LogStatEvent:	Connecting to ResourceManager at {}#2f08f873c798/192.161.20.17:8032#info	hashid:61510
LogStatEvent:	Connecting to ResourceManager at {}#2f08f873c798/192.161.20.17:8032#info	hashid:61510
LogStatEvent:	Disabling Erasure Coding for path: /tmp/hadoop-yarn/staging/root/.staging/job_1701359859177_0212#info	hashid:19684
LogStatEvent:	Total input files to process : 11#info	hashid:38602
LogStatEvent:	number of splits:11#info	hashid:64472
LogStatEvent:	Submitting tokens for job: job_1701359859177_0212#info	hashid:1431
LogStatEvent:	Executing with tokens: {}#[]#info	hashid:6028
LogStatEvent:	Submitted application application_1701359859177_0212#info	hashid:22438
LogStatEvent:	The url to track the job: http://2f08f873c798:8088/proxy/application_1701359859177_0212/#info	hashid:59230
LogStatEvent:	Running job: job_1701359859177_0212#info	hashid:62529
LogStatEvent:	Job job_1701359859177_0212 running in uber mode : false#info	hashid:15357
LogStatEvent:	 map 0% reduce 0%#info	hashid:42908
LogStatEvent:	 map 27% reduce 0%#info	hashid:42908
LogStatEvent:	 map 55% reduce 0%#info	hashid:42908
LogStatEvent:	 map 82% reduce 0%#info	hashid:42908
LogStatEvent:	 map 100% reduce 0%#info	hashid:42908
LogStatEvent:	 map 100% reduce 10%#info	hashid:42908
LogStatEvent:	 map 100% reduce 20%#info	hashid:42908
LogStatEvent:	 map 100% reduce 40%#info	hashid:42908
LogStatEvent:	 map 100% reduce 50%#info	hashid:42908
LogStatEvent:	 map 100% reduce 70%#info	hashid:42908
LogStatEvent:	 map 100% reduce 80%#info	hashid:42908
LogStatEvent:	 map 100% reduce 100%#info	hashid:42908
LogStatEvent:	Job job_1701359859177_0212 completed successfully#info	hashid:42324
LogStatEvent:	Counters: 54
	File System Counters
		FILE: Number of bytes read=193243
		FILE: Number of bytes written=6215216
		FILE: Number of read operations=0
		FILE: Number of large read operations=0
		FILE: Number of write operations=0
		HDFS: Number of bytes read=149688
		HDFS: Number of bytes written=479776
		HDFS: Number of read operations=83
		HDFS: Number of large read operations=0
		HDFS: Number of write operations=20
		HDFS: Number of bytes read erasure-coded=0
	Job Counters 
		Launched map tasks=11
		Launched reduce tasks=10
		Data-local map tasks=11
		Total time spent by all maps in occupied slots (ms)=145330
		Total time spent by all reduces in occupied slots (ms)=142105
		Total time spent by all map tasks (ms)=29066
		Total time spent by all reduce tasks (ms)=28421
		Total vcore-milliseconds taken by all map tasks=29066
		Total vcore-milliseconds taken by all reduce tasks=28421
		Total megabyte-milliseconds taken by all map tasks=148817920
		Total megabyte-milliseconds taken by all reduce tasks=145515520
	Map-Reduce Framework
		Map input records=20210
		Map output records=20210
		Map output bytes=152763
		Map output materialized bytes=193843
		Input split bytes=1398
		Combine input records=0
		Combine output records=0
		Reduce input groups=500
		Reduce shuffle bytes=193843
		Reduce input records=20210
		Reduce output records=20210
		Spilled Records=40420
		Shuffled Maps =110
		Failed Shuffles=0
		Merged Map outputs=110
		GC time elapsed (ms)=737
		CPU time spent (ms)=31260
		Physical memory (bytes) snapshot=8039108608
		Virtual memory (bytes) snapshot=158109192192
		Total committed heap usage (bytes)=45141196800
		Peak Map Physical memory (bytes)=437272576
		Peak Map Virtual memory (bytes)=7589638144
		Peak Reduce Physical memory (bytes)=340426752
		Peak Reduce Virtual memory (bytes)=7595732992
	Shuffle Errors
		BAD_ID=0
		CONNECTION=0
		IO_ERROR=0
		WRONG_LENGTH=0
		WRONG_MAP=0
		WRONG_REDUCE=0
	File Input Format Counters 
		Bytes Read=148290
	File Output Format Counters 
		Bytes Written=479776#info	hashid:29625
LogStatEvent:	Connecting to ResourceManager at {}#2f08f873c798/192.161.20.17:8032#info	hashid:61510
LogStatEvent:	Connecting to ResourceManager at {}#2f08f873c798/192.161.20.17:8032#info	hashid:61510
LogStatEvent:	Disabling Erasure Coding for path: /tmp/hadoop-yarn/staging/root/.staging/job_1701359859177_0213#info	hashid:19684
LogStatEvent:	Total input files to process : 10#info	hashid:38602
LogStatEvent:	number of splits:10#info	hashid:64472
LogStatEvent:	Submitting tokens for job: job_1701359859177_0213#info	hashid:1431
LogStatEvent:	Executing with tokens: {}#[]#info	hashid:6028
LogStatEvent:	Submitted application application_1701359859177_0213#info	hashid:22438
LogStatEvent:	The url to track the job: http://2f08f873c798:8088/proxy/application_1701359859177_0213/#info	hashid:59230
LogStatEvent:	Running job: job_1701359859177_0213#info	hashid:62529
LogStatEvent:	Job job_1701359859177_0213 running in uber mode : false#info	hashid:15357
LogStatEvent:	 map 0% reduce 0%#info	hashid:42908
LogStatEvent:	 map 20% reduce 0%#info	hashid:42908
LogStatEvent:	 map 30% reduce 0%#info	hashid:42908
LogStatEvent:	 map 60% reduce 0%#info	hashid:42908
LogStatEvent:	 map 80% reduce 0%#info	hashid:42908
LogStatEvent:	 map 100% reduce 0%#info	hashid:42908
LogStatEvent:	 map 100% reduce 10%#info	hashid:42908
LogStatEvent:	 map 100% reduce 20%#info	hashid:42908
LogStatEvent:	 map 100% reduce 40%#info	hashid:42908
LogStatEvent:	 map 100% reduce 50%#info	hashid:42908
LogStatEvent:	 map 100% reduce 70%#info	hashid:42908
LogStatEvent:	 map 100% reduce 80%#info	hashid:42908
LogStatEvent:	 map 100% reduce 100%#info	hashid:42908
LogStatEvent:	Job job_1701359859177_0213 completed successfully#info	hashid:42324
LogStatEvent:	Counters: 56
	File System Counters
		FILE: Number of bytes read=530783
		FILE: Number of bytes written=6611496
		FILE: Number of read operations=0
		FILE: Number of large read operations=0
		FILE: Number of write operations=0
		HDFS: Number of bytes read=481076
		HDFS: Number of bytes written=13238
		HDFS: Number of read operations=80
		HDFS: Number of large read operations=0
		HDFS: Number of write operations=20
		HDFS: Number of bytes read erasure-coded=0
	Job Counters 
		Killed reduce tasks=1
		Launched map tasks=10
		Launched reduce tasks=10
		Data-local map tasks=10
		Total time spent by all maps in occupied slots (ms)=131345
		Total time spent by all reduces in occupied slots (ms)=162700
		Total time spent by all map tasks (ms)=26269
		Total time spent by all reduce tasks (ms)=32540
		Total vcore-milliseconds taken by all map tasks=26269
		Total vcore-milliseconds taken by all reduce tasks=32540
		Total megabyte-milliseconds taken by all map tasks=134497280
		Total megabyte-milliseconds taken by all reduce tasks=166604800
	Map-Reduce Framework
		Map input records=20210
		Map output records=20210
		Map output bytes=490303
		Map output materialized bytes=531323
		Input split bytes=1300
		Combine input records=0
		Combine output records=0
		Reduce input groups=500
		Reduce shuffle bytes=531323
		Reduce input records=20210
		Reduce output records=500
		Spilled Records=40420
		Shuffled Maps =100
		Failed Shuffles=0
		Merged Map outputs=100
		GC time elapsed (ms)=703
		CPU time spent (ms)=29790
		Physical memory (bytes) snapshot=7643463680
		Virtual memory (bytes) snapshot=150617837568
		Total committed heap usage (bytes)=42991616000
		Peak Map Physical memory (bytes)=438046720
		Peak Map Virtual memory (bytes)=7593725952
		Peak Reduce Physical memory (bytes)=338014208
		Peak Reduce Virtual memory (bytes)=7592771584
	Shuffle Errors
		BAD_ID=0
		CONNECTION=0
		IO_ERROR=0
		WRONG_LENGTH=0
		WRONG_MAP=0
		WRONG_REDUCE=0
	File Input Format Counters 
		Bytes Read=479776
	File Output Format Counters 
		Bytes Written=13238
	pegasus.PagerankNaive$PrCounters
		CONVERGE_CHECK=10#info	hashid:25681
