LogStatEvent:	/usr/local/revisedJQF/v8/RevisedJQF/xmls/o4NVm.xml#info	hashid:18714
LogStatEvent:	/efghwordsortKOoQLrJ8i1#info	hashid:32672
LogStatEvent:	none#info	hashid:11327
LogStatEvent:	Connecting to ResourceManager at {}#2f08f873c798/192.161.20.17:8032#info	hashid:61510
LogStatEvent:	Disabling Erasure Coding for path: /tmp/hadoop-yarn/staging/root/.staging/job_1701142038763_0611#info	hashid:19684
LogStatEvent:	Total input files to process : 10#info	hashid:38602
LogStatEvent:	number of splits:10#info	hashid:64472
LogStatEvent:	Submitting tokens for job: job_1701142038763_0611#info	hashid:1431
LogStatEvent:	Executing with tokens: {}#[]#info	hashid:6028
LogStatEvent:	Submitted application application_1701142038763_0611#info	hashid:22438
LogStatEvent:	The url to track the job: http://2f08f873c798:8088/proxy/application_1701142038763_0611/#info	hashid:59230
LogStatEvent:	Running job: job_1701142038763_0611#info	hashid:62529
LogStatEvent:	Job job_1701142038763_0611 running in uber mode : false#info	hashid:15357
LogStatEvent:	 map 0% reduce 0%#info	hashid:42908
LogStatEvent:	 map 30% reduce 0%#info	hashid:42908
LogStatEvent:	 map 60% reduce 0%#info	hashid:42908
LogStatEvent:	Task Id : attempt_1701142038763_0611_m_000007_0, Status : FAILED#info	hashid:48496
LogStatEvent:	 map 70% reduce 0%#info	hashid:42908
LogStatEvent:	 map 80% reduce 0%#info	hashid:42908
LogStatEvent:	 map 90% reduce 0%#info	hashid:42908
LogStatEvent:	 map 100% reduce 0%#info	hashid:42908
LogStatEvent:	 map 100% reduce 100%#info	hashid:42908
LogStatEvent:	Job job_1701142038763_0611 completed successfully#info	hashid:42324
LogStatEvent:	Counters: 56
	File System Counters
		FILE: Number of bytes read=11735
		FILE: Number of bytes written=3071855
		FILE: Number of read operations=0
		FILE: Number of large read operations=0
		FILE: Number of write operations=0
		HDFS: Number of bytes read=9226
		HDFS: Number of bytes written=7337
		HDFS: Number of read operations=35
		HDFS: Number of large read operations=0
		HDFS: Number of write operations=2
		HDFS: Number of bytes read erasure-coded=0
	Job Counters 
		Failed map tasks=1
		Launched map tasks=11
		Launched reduce tasks=1
		Other local map tasks=1
		Data-local map tasks=10
		Total time spent by all maps in occupied slots (ms)=132100
		Total time spent by all reduces in occupied slots (ms)=42975
		Total time spent by all map tasks (ms)=26420
		Total time spent by all reduce tasks (ms)=8595
		Total vcore-milliseconds taken by all map tasks=26420
		Total vcore-milliseconds taken by all reduce tasks=8595
		Total megabyte-milliseconds taken by all map tasks=135270400
		Total megabyte-milliseconds taken by all reduce tasks=44006400
	Map-Reduce Framework
		Map input records=10
		Map output records=661
		Map output bytes=10790
		Map output materialized bytes=11789
		Input split bytes=1250
		Combine input records=661
		Combine output records=638
		Reduce input groups=495
		Reduce shuffle bytes=11789
		Reduce input records=638
		Reduce output records=495
		Spilled Records=1276
		Shuffled Maps =10
		Failed Shuffles=0
		Merged Map outputs=10
		GC time elapsed (ms)=412
		CPU time spent (ms)=10150
		Physical memory (bytes) snapshot=4643405824
		Virtual memory (bytes) snapshot=82693664768
		Total committed heap usage (bytes)=23645388800
		Peak Map Physical memory (bytes)=438112256
		Peak Map Virtual memory (bytes)=7581782016
		Peak Reduce Physical memory (bytes)=325218304
		Peak Reduce Virtual memory (bytes)=7588192256
	Shuffle Errors
		BAD_ID=0
		CONNECTION=0
		IO_ERROR=0
		WRONG_LENGTH=0
		WRONG_MAP=0
		WRONG_REDUCE=0
	File Input Format Counters 
		Bytes Read=7976
	File Output Format Counters 
		Bytes Written=7337#info	hashid:19586
