LogStatEvent:	/usr/local/revisedJQF/v8/RevisedJQF/xmls/76o0x.xml#info	hashid:18928
LogStatEvent:	/efghpagerank7uPnFAkZAl#info	hashid:48417
LogStatEvent:	none#info	hashid:11327
LogStatEvent:	Connecting to ResourceManager at {}#2f08f873c798/192.161.20.17:8032#info	hashid:61510
LogStatEvent:	Connecting to ResourceManager at {}#2f08f873c798/192.161.20.17:8032#info	hashid:61510
LogStatEvent:	Disabling Erasure Coding for path: /tmp/hadoop-yarn/staging/root/.staging/job_1701359859177_0015#info	hashid:19684
LogStatEvent:	Total input files to process : 11#info	hashid:38602
LogStatEvent:	number of splits:11#info	hashid:64472
LogStatEvent:	Submitting tokens for job: job_1701359859177_0015#info	hashid:1431
LogStatEvent:	Executing with tokens: {}#[]#info	hashid:6028
LogStatEvent:	Submitted application application_1701359859177_0015#info	hashid:22438
LogStatEvent:	The url to track the job: http://2f08f873c798:8088/proxy/application_1701359859177_0015/#info	hashid:59230
LogStatEvent:	Running job: job_1701359859177_0015#info	hashid:62529
LogStatEvent:	Job job_1701359859177_0015 running in uber mode : false#info	hashid:15357
LogStatEvent:	 map 0% reduce 0%#info	hashid:42908
LogStatEvent:	 map 27% reduce 0%#info	hashid:42908
LogStatEvent:	 map 55% reduce 0%#info	hashid:42908
LogStatEvent:	 map 82% reduce 0%#info	hashid:42908
LogStatEvent:	 map 100% reduce 0%#info	hashid:42908
LogStatEvent:	 map 100% reduce 10%#info	hashid:42908
LogStatEvent:	 map 100% reduce 30%#info	hashid:42908
LogStatEvent:	 map 100% reduce 40%#info	hashid:42908
LogStatEvent:	 map 100% reduce 60%#info	hashid:42908
LogStatEvent:	 map 100% reduce 70%#info	hashid:42908
LogStatEvent:	 map 100% reduce 90%#info	hashid:42908
LogStatEvent:	 map 100% reduce 100%#info	hashid:42908
LogStatEvent:	Job job_1701359859177_0015 completed successfully#info	hashid:42324
LogStatEvent:	Counters: 54
	File System Counters
		FILE: Number of bytes read=193243
		FILE: Number of bytes written=6214691
		FILE: Number of read operations=0
		FILE: Number of large read operations=0
		FILE: Number of write operations=0
		HDFS: Number of bytes read=149688
		HDFS: Number of bytes written=479776
		HDFS: Number of read operations=83
		HDFS: Number of large read operations=0
		HDFS: Number of write operations=20
		HDFS: Number of bytes read erasure-coded=0
	Job Counters 
		Launched map tasks=11
		Launched reduce tasks=10
		Data-local map tasks=11
		Total time spent by all maps in occupied slots (ms)=135015
		Total time spent by all reduces in occupied slots (ms)=134545
		Total time spent by all map tasks (ms)=27003
		Total time spent by all reduce tasks (ms)=26909
		Total vcore-milliseconds taken by all map tasks=27003
		Total vcore-milliseconds taken by all reduce tasks=26909
		Total megabyte-milliseconds taken by all map tasks=138255360
		Total megabyte-milliseconds taken by all reduce tasks=137774080
	Map-Reduce Framework
		Map input records=20210
		Map output records=20210
		Map output bytes=152763
		Map output materialized bytes=193843
		Input split bytes=1398
		Combine input records=0
		Combine output records=0
		Reduce input groups=500
		Reduce shuffle bytes=193843
		Reduce input records=20210
		Reduce output records=20210
		Spilled Records=40420
		Shuffled Maps =110
		Failed Shuffles=0
		Merged Map outputs=110
		GC time elapsed (ms)=770
		CPU time spent (ms)=30690
		Physical memory (bytes) snapshot=8160657408
		Virtual memory (bytes) snapshot=158122192896
		Total committed heap usage (bytes)=45141196800
		Peak Map Physical memory (bytes)=443019264
		Peak Map Virtual memory (bytes)=7592030208
		Peak Reduce Physical memory (bytes)=372584448
		Peak Reduce Virtual memory (bytes)=7600721920
	Shuffle Errors
		BAD_ID=0
		CONNECTION=0
		IO_ERROR=0
		WRONG_LENGTH=0
		WRONG_MAP=0
		WRONG_REDUCE=0
	File Input Format Counters 
		Bytes Read=148290
	File Output Format Counters 
		Bytes Written=479776#info	hashid:29625
LogStatEvent:	Connecting to ResourceManager at {}#2f08f873c798/192.161.20.17:8032#info	hashid:61510
LogStatEvent:	Connecting to ResourceManager at {}#2f08f873c798/192.161.20.17:8032#info	hashid:61510
LogStatEvent:	Disabling Erasure Coding for path: /tmp/hadoop-yarn/staging/root/.staging/job_1701359859177_0016#info	hashid:19684
LogStatEvent:	Total input files to process : 10#info	hashid:38602
LogStatEvent:	number of splits:10#info	hashid:64472
LogStatEvent:	Submitting tokens for job: job_1701359859177_0016#info	hashid:1431
LogStatEvent:	Executing with tokens: {}#[]#info	hashid:6028
LogStatEvent:	Submitted application application_1701359859177_0016#info	hashid:22438
LogStatEvent:	The url to track the job: http://2f08f873c798:8088/proxy/application_1701359859177_0016/#info	hashid:59230
LogStatEvent:	Running job: job_1701359859177_0016#info	hashid:62529
LogStatEvent:	Job job_1701359859177_0016 running in uber mode : false#info	hashid:15357
LogStatEvent:	 map 0% reduce 0%#info	hashid:42908
LogStatEvent:	 map 30% reduce 0%#info	hashid:42908
LogStatEvent:	 map 40% reduce 0%#info	hashid:42908
LogStatEvent:	 map 60% reduce 0%#info	hashid:42908
LogStatEvent:	 map 70% reduce 0%#info	hashid:42908
LogStatEvent:	 map 80% reduce 0%#info	hashid:42908
LogStatEvent:	 map 90% reduce 0%#info	hashid:42908
LogStatEvent:	 map 100% reduce 0%#info	hashid:42908
LogStatEvent:	 map 100% reduce 10%#info	hashid:42908
LogStatEvent:	 map 100% reduce 20%#info	hashid:42908
LogStatEvent:	 map 100% reduce 40%#info	hashid:42908
LogStatEvent:	 map 100% reduce 50%#info	hashid:42908
LogStatEvent:	 map 100% reduce 60%#info	hashid:42908
LogStatEvent:	 map 100% reduce 80%#info	hashid:42908
LogStatEvent:	 map 100% reduce 90%#info	hashid:42908
LogStatEvent:	 map 100% reduce 100%#info	hashid:42908
LogStatEvent:	Job job_1701359859177_0016 completed successfully#info	hashid:42324
LogStatEvent:	Counters: 56
	File System Counters
		FILE: Number of bytes read=530783
		FILE: Number of bytes written=6610996
		FILE: Number of read operations=0
		FILE: Number of large read operations=0
		FILE: Number of write operations=0
		HDFS: Number of bytes read=481076
		HDFS: Number of bytes written=13238
		HDFS: Number of read operations=80
		HDFS: Number of large read operations=0
		HDFS: Number of write operations=20
		HDFS: Number of bytes read erasure-coded=0
	Job Counters 
		Killed map tasks=1
		Launched map tasks=10
		Launched reduce tasks=10
		Data-local map tasks=10
		Total time spent by all maps in occupied slots (ms)=122215
		Total time spent by all reduces in occupied slots (ms)=145320
		Total time spent by all map tasks (ms)=24443
		Total time spent by all reduce tasks (ms)=29064
		Total vcore-milliseconds taken by all map tasks=24443
		Total vcore-milliseconds taken by all reduce tasks=29064
		Total megabyte-milliseconds taken by all map tasks=125148160
		Total megabyte-milliseconds taken by all reduce tasks=148807680
	Map-Reduce Framework
		Map input records=20210
		Map output records=20210
		Map output bytes=490303
		Map output materialized bytes=531323
		Input split bytes=1300
		Combine input records=0
		Combine output records=0
		Reduce input groups=500
		Reduce shuffle bytes=531323
		Reduce input records=20210
		Reduce output records=500
		Spilled Records=40420
		Shuffled Maps =100
		Failed Shuffles=0
		Merged Map outputs=100
		GC time elapsed (ms)=769
		CPU time spent (ms)=29720
		Physical memory (bytes) snapshot=7686062080
		Virtual memory (bytes) snapshot=150492729344
		Total committed heap usage (bytes)=42991616000
		Peak Map Physical memory (bytes)=469807104
		Peak Map Virtual memory (bytes)=7589990400
		Peak Reduce Physical memory (bytes)=337903616
		Peak Reduce Virtual memory (bytes)=7598116864
	Shuffle Errors
		BAD_ID=0
		CONNECTION=0
		IO_ERROR=0
		WRONG_LENGTH=0
		WRONG_MAP=0
		WRONG_REDUCE=0
	File Input Format Counters 
		Bytes Read=479776
	File Output Format Counters 
		Bytes Written=13238
	pegasus.PagerankNaive$PrCounters
		CONVERGE_CHECK=10#info	hashid:40272
