LogStatEvent:	/usr/local/revisedJQF/v8/RevisedJQF/xmls/Pg0Lv.xml#info	hashid:19360
LogStatEvent:	/efghpagerank7uPnFAkZAl#info	hashid:48417
LogStatEvent:	none#info	hashid:11327
LogStatEvent:	Connecting to ResourceManager at {}#2f08f873c798/192.161.20.17:8032#info	hashid:61510
LogStatEvent:	Connecting to ResourceManager at {}#2f08f873c798/192.161.20.17:8032#info	hashid:61510
LogStatEvent:	Disabling Erasure Coding for path: /tmp/hadoop-yarn/staging/root/.staging/job_1701359859177_0039#info	hashid:19684
LogStatEvent:	Total input files to process : 11#info	hashid:38602
LogStatEvent:	number of splits:11#info	hashid:64472
LogStatEvent:	Submitting tokens for job: job_1701359859177_0039#info	hashid:1431
LogStatEvent:	Executing with tokens: {}#[]#info	hashid:6028
LogStatEvent:	Submitted application application_1701359859177_0039#info	hashid:22438
LogStatEvent:	The url to track the job: http://2f08f873c798:8088/proxy/application_1701359859177_0039/#info	hashid:59230
LogStatEvent:	Running job: job_1701359859177_0039#info	hashid:62529
LogStatEvent:	Job job_1701359859177_0039 running in uber mode : false#info	hashid:15357
LogStatEvent:	 map 0% reduce 0%#info	hashid:42908
LogStatEvent:	 map 27% reduce 0%#info	hashid:42908
LogStatEvent:	 map 55% reduce 0%#info	hashid:42908
LogStatEvent:	 map 73% reduce 0%#info	hashid:42908
LogStatEvent:	 map 82% reduce 0%#info	hashid:42908
LogStatEvent:	 map 91% reduce 0%#info	hashid:42908
LogStatEvent:	 map 100% reduce 0%#info	hashid:42908
LogStatEvent:	 map 100% reduce 10%#info	hashid:42908
LogStatEvent:	 map 100% reduce 20%#info	hashid:42908
LogStatEvent:	 map 100% reduce 30%#info	hashid:42908
LogStatEvent:	 map 100% reduce 40%#info	hashid:42908
LogStatEvent:	 map 100% reduce 50%#info	hashid:42908
LogStatEvent:	 map 100% reduce 60%#info	hashid:42908
LogStatEvent:	 map 100% reduce 70%#info	hashid:42908
LogStatEvent:	 map 100% reduce 90%#info	hashid:42908
LogStatEvent:	 map 100% reduce 100%#info	hashid:42908
LogStatEvent:	Job job_1701359859177_0039 completed successfully#info	hashid:42324
LogStatEvent:	Counters: 54
	File System Counters
		FILE: Number of bytes read=193243
		FILE: Number of bytes written=6215531
		FILE: Number of read operations=0
		FILE: Number of large read operations=0
		FILE: Number of write operations=0
		HDFS: Number of bytes read=149688
		HDFS: Number of bytes written=479776
		HDFS: Number of read operations=83
		HDFS: Number of large read operations=0
		HDFS: Number of write operations=20
		HDFS: Number of bytes read erasure-coded=0
	Job Counters 
		Launched map tasks=11
		Launched reduce tasks=10
		Data-local map tasks=11
		Total time spent by all maps in occupied slots (ms)=136325
		Total time spent by all reduces in occupied slots (ms)=162425
		Total time spent by all map tasks (ms)=27265
		Total time spent by all reduce tasks (ms)=32485
		Total vcore-milliseconds taken by all map tasks=27265
		Total vcore-milliseconds taken by all reduce tasks=32485
		Total megabyte-milliseconds taken by all map tasks=139596800
		Total megabyte-milliseconds taken by all reduce tasks=166323200
	Map-Reduce Framework
		Map input records=20210
		Map output records=20210
		Map output bytes=152763
		Map output materialized bytes=193843
		Input split bytes=1398
		Combine input records=0
		Combine output records=0
		Reduce input groups=500
		Reduce shuffle bytes=193843
		Reduce input records=20210
		Reduce output records=20210
		Spilled Records=40420
		Shuffled Maps =110
		Failed Shuffles=0
		Merged Map outputs=110
		GC time elapsed (ms)=812
		CPU time spent (ms)=30890
		Physical memory (bytes) snapshot=8106655744
		Virtual memory (bytes) snapshot=158189080576
		Total committed heap usage (bytes)=45141196800
		Peak Map Physical memory (bytes)=468828160
		Peak Map Virtual memory (bytes)=7587397632
		Peak Reduce Physical memory (bytes)=369696768
		Peak Reduce Virtual memory (bytes)=7599230976
	Shuffle Errors
		BAD_ID=0
		CONNECTION=0
		IO_ERROR=0
		WRONG_LENGTH=0
		WRONG_MAP=0
		WRONG_REDUCE=0
	File Input Format Counters 
		Bytes Read=148290
	File Output Format Counters 
		Bytes Written=479776#info	hashid:29625
LogStatEvent:	Connecting to ResourceManager at {}#2f08f873c798/192.161.20.17:8032#info	hashid:61510
LogStatEvent:	Connecting to ResourceManager at {}#2f08f873c798/192.161.20.17:8032#info	hashid:61510
LogStatEvent:	Disabling Erasure Coding for path: /tmp/hadoop-yarn/staging/root/.staging/job_1701359859177_0040#info	hashid:19684
LogStatEvent:	Total input files to process : 10#info	hashid:38602
LogStatEvent:	number of splits:10#info	hashid:64472
LogStatEvent:	Submitting tokens for job: job_1701359859177_0040#info	hashid:1431
LogStatEvent:	Executing with tokens: {}#[]#info	hashid:6028
LogStatEvent:	Submitted application application_1701359859177_0040#info	hashid:22438
LogStatEvent:	The url to track the job: http://2f08f873c798:8088/proxy/application_1701359859177_0040/#info	hashid:59230
LogStatEvent:	Running job: job_1701359859177_0040#info	hashid:62529
LogStatEvent:	Job job_1701359859177_0040 running in uber mode : false#info	hashid:15357
LogStatEvent:	 map 0% reduce 0%#info	hashid:42908
LogStatEvent:	 map 30% reduce 0%#info	hashid:42908
LogStatEvent:	 map 40% reduce 0%#info	hashid:42908
LogStatEvent:	 map 60% reduce 0%#info	hashid:42908
LogStatEvent:	 map 80% reduce 0%#info	hashid:42908
LogStatEvent:	 map 100% reduce 0%#info	hashid:42908
LogStatEvent:	 map 100% reduce 10%#info	hashid:42908
LogStatEvent:	 map 100% reduce 40%#info	hashid:42908
LogStatEvent:	 map 100% reduce 60%#info	hashid:42908
LogStatEvent:	 map 100% reduce 70%#info	hashid:42908
LogStatEvent:	 map 100% reduce 90%#info	hashid:42908
LogStatEvent:	 map 100% reduce 100%#info	hashid:42908
LogStatEvent:	Job job_1701359859177_0040 completed successfully#info	hashid:42324
LogStatEvent:	Counters: 56
	File System Counters
		FILE: Number of bytes read=530783
		FILE: Number of bytes written=6611796
		FILE: Number of read operations=0
		FILE: Number of large read operations=0
		FILE: Number of write operations=0
		HDFS: Number of bytes read=481076
		HDFS: Number of bytes written=13238
		HDFS: Number of read operations=80
		HDFS: Number of large read operations=0
		HDFS: Number of write operations=20
		HDFS: Number of bytes read erasure-coded=0
	Job Counters 
		Killed map tasks=1
		Launched map tasks=10
		Launched reduce tasks=10
		Data-local map tasks=10
		Total time spent by all maps in occupied slots (ms)=125240
		Total time spent by all reduces in occupied slots (ms)=144590
		Total time spent by all map tasks (ms)=25048
		Total time spent by all reduce tasks (ms)=28918
		Total vcore-milliseconds taken by all map tasks=25048
		Total vcore-milliseconds taken by all reduce tasks=28918
		Total megabyte-milliseconds taken by all map tasks=128245760
		Total megabyte-milliseconds taken by all reduce tasks=148060160
	Map-Reduce Framework
		Map input records=20210
		Map output records=20210
		Map output bytes=490303
		Map output materialized bytes=531323
		Input split bytes=1300
		Combine input records=0
		Combine output records=0
		Reduce input groups=500
		Reduce shuffle bytes=531323
		Reduce input records=20210
		Reduce output records=500
		Spilled Records=40420
		Shuffled Maps =100
		Failed Shuffles=0
		Merged Map outputs=100
		GC time elapsed (ms)=701
		CPU time spent (ms)=30610
		Physical memory (bytes) snapshot=7745474560
		Virtual memory (bytes) snapshot=150614585344
		Total committed heap usage (bytes)=42991616000
		Peak Map Physical memory (bytes)=472817664
		Peak Map Virtual memory (bytes)=7593639936
		Peak Reduce Physical memory (bytes)=337657856
		Peak Reduce Virtual memory (bytes)=7595356160
	Shuffle Errors
		BAD_ID=0
		CONNECTION=0
		IO_ERROR=0
		WRONG_LENGTH=0
		WRONG_MAP=0
		WRONG_REDUCE=0
	File Input Format Counters 
		Bytes Read=479776
	File Output Format Counters 
		Bytes Written=13238
	pegasus.PagerankNaive$PrCounters
		CONVERGE_CHECK=10#info	hashid:40272
