LogStatEvent:	/usr/local/revisedJQF/v8/RevisedJQF/xmls/gwJuP.xml#info	hashid:23425
LogStatEvent:	/efghpagerank7uPnFAkZAl#info	hashid:48417
LogStatEvent:	none#info	hashid:11327
LogStatEvent:	Connecting to ResourceManager at {}#2f08f873c798/192.161.20.17:8032#info	hashid:61510
LogStatEvent:	Connecting to ResourceManager at {}#2f08f873c798/192.161.20.17:8032#info	hashid:61510
LogStatEvent:	Disabling Erasure Coding for path: /tmp/hadoop-yarn/staging/root/.staging/job_1701359859177_0232#info	hashid:19684
LogStatEvent:	Total input files to process : 11#info	hashid:38602
LogStatEvent:	number of splits:11#info	hashid:64472
LogStatEvent:	Submitting tokens for job: job_1701359859177_0232#info	hashid:1431
LogStatEvent:	Executing with tokens: {}#[]#info	hashid:6028
LogStatEvent:	Submitted application application_1701359859177_0232#info	hashid:22438
LogStatEvent:	The url to track the job: http://2f08f873c798:8088/proxy/application_1701359859177_0232/#info	hashid:59230
LogStatEvent:	Running job: job_1701359859177_0232#info	hashid:62529
LogStatEvent:	Job job_1701359859177_0232 running in uber mode : false#info	hashid:15357
LogStatEvent:	 map 0% reduce 0%#info	hashid:42908
LogStatEvent:	 map 27% reduce 0%#info	hashid:42908
LogStatEvent:	 map 55% reduce 0%#info	hashid:42908
LogStatEvent:	 map 73% reduce 0%#info	hashid:42908
LogStatEvent:	 map 82% reduce 0%#info	hashid:42908
LogStatEvent:	 map 91% reduce 0%#info	hashid:42908
LogStatEvent:	 map 100% reduce 10%#info	hashid:42908
LogStatEvent:	 map 100% reduce 20%#info	hashid:42908
LogStatEvent:	 map 100% reduce 30%#info	hashid:42908
LogStatEvent:	 map 100% reduce 50%#info	hashid:42908
LogStatEvent:	 map 100% reduce 60%#info	hashid:42908
LogStatEvent:	 map 100% reduce 70%#info	hashid:42908
LogStatEvent:	 map 100% reduce 80%#info	hashid:42908
LogStatEvent:	 map 100% reduce 90%#info	hashid:42908
LogStatEvent:	 map 100% reduce 100%#info	hashid:42908
LogStatEvent:	Job job_1701359859177_0232 completed successfully#info	hashid:42324
LogStatEvent:	Counters: 54
	File System Counters
		FILE: Number of bytes read=193243
		FILE: Number of bytes written=6215363
		FILE: Number of read operations=0
		FILE: Number of large read operations=0
		FILE: Number of write operations=0
		HDFS: Number of bytes read=149688
		HDFS: Number of bytes written=479776
		HDFS: Number of read operations=83
		HDFS: Number of large read operations=0
		HDFS: Number of write operations=20
		HDFS: Number of bytes read erasure-coded=0
	Job Counters 
		Launched map tasks=11
		Launched reduce tasks=10
		Data-local map tasks=11
		Total time spent by all maps in occupied slots (ms)=143365
		Total time spent by all reduces in occupied slots (ms)=223845
		Total time spent by all map tasks (ms)=28673
		Total time spent by all reduce tasks (ms)=44769
		Total vcore-milliseconds taken by all map tasks=28673
		Total vcore-milliseconds taken by all reduce tasks=44769
		Total megabyte-milliseconds taken by all map tasks=146805760
		Total megabyte-milliseconds taken by all reduce tasks=229217280
	Map-Reduce Framework
		Map input records=20210
		Map output records=20210
		Map output bytes=152763
		Map output materialized bytes=193843
		Input split bytes=1398
		Combine input records=0
		Combine output records=0
		Reduce input groups=500
		Reduce shuffle bytes=193843
		Reduce input records=20210
		Reduce output records=20210
		Spilled Records=40420
		Shuffled Maps =110
		Failed Shuffles=0
		Merged Map outputs=110
		GC time elapsed (ms)=718
		CPU time spent (ms)=29710
		Physical memory (bytes) snapshot=8071770112
		Virtual memory (bytes) snapshot=158302728192
		Total committed heap usage (bytes)=45141196800
		Peak Map Physical memory (bytes)=443506688
		Peak Map Virtual memory (bytes)=7593086976
		Peak Reduce Physical memory (bytes)=346177536
		Peak Reduce Virtual memory (bytes)=7597932544
	Shuffle Errors
		BAD_ID=0
		CONNECTION=0
		IO_ERROR=0
		WRONG_LENGTH=0
		WRONG_MAP=0
		WRONG_REDUCE=0
	File Input Format Counters 
		Bytes Read=148290
	File Output Format Counters 
		Bytes Written=479776#info	hashid:29625
LogStatEvent:	Connecting to ResourceManager at {}#2f08f873c798/192.161.20.17:8032#info	hashid:61510
LogStatEvent:	Connecting to ResourceManager at {}#2f08f873c798/192.161.20.17:8032#info	hashid:61510
LogStatEvent:	Disabling Erasure Coding for path: /tmp/hadoop-yarn/staging/root/.staging/job_1701359859177_0233#info	hashid:19684
LogStatEvent:	Total input files to process : 10#info	hashid:38602
LogStatEvent:	number of splits:10#info	hashid:64472
LogStatEvent:	Submitting tokens for job: job_1701359859177_0233#info	hashid:1431
LogStatEvent:	Executing with tokens: {}#[]#info	hashid:6028
LogStatEvent:	Submitted application application_1701359859177_0233#info	hashid:22438
LogStatEvent:	The url to track the job: http://2f08f873c798:8088/proxy/application_1701359859177_0233/#info	hashid:59230
LogStatEvent:	Running job: job_1701359859177_0233#info	hashid:62529
LogStatEvent:	Job job_1701359859177_0233 running in uber mode : false#info	hashid:15357
LogStatEvent:	 map 0% reduce 0%#info	hashid:42908
LogStatEvent:	 map 30% reduce 0%#info	hashid:42908
LogStatEvent:	 map 60% reduce 0%#info	hashid:42908
LogStatEvent:	 map 70% reduce 0%#info	hashid:42908
LogStatEvent:	 map 80% reduce 0%#info	hashid:42908
LogStatEvent:	 map 100% reduce 0%#info	hashid:42908
LogStatEvent:	 map 100% reduce 10%#info	hashid:42908
LogStatEvent:	 map 100% reduce 20%#info	hashid:42908
LogStatEvent:	 map 100% reduce 30%#info	hashid:42908
LogStatEvent:	 map 100% reduce 40%#info	hashid:42908
LogStatEvent:	 map 100% reduce 50%#info	hashid:42908
LogStatEvent:	 map 100% reduce 60%#info	hashid:42908
LogStatEvent:	 map 100% reduce 70%#info	hashid:42908
LogStatEvent:	 map 100% reduce 80%#info	hashid:42908
LogStatEvent:	 map 100% reduce 90%#info	hashid:42908
LogStatEvent:	 map 100% reduce 100%#info	hashid:42908
LogStatEvent:	Job job_1701359859177_0233 completed successfully#info	hashid:42324
LogStatEvent:	Counters: 56
	File System Counters
		FILE: Number of bytes read=530783
		FILE: Number of bytes written=6611636
		FILE: Number of read operations=0
		FILE: Number of large read operations=0
		FILE: Number of write operations=0
		HDFS: Number of bytes read=481076
		HDFS: Number of bytes written=13238
		HDFS: Number of read operations=80
		HDFS: Number of large read operations=0
		HDFS: Number of write operations=20
		HDFS: Number of bytes read erasure-coded=0
	Job Counters 
		Killed reduce tasks=1
		Launched map tasks=10
		Launched reduce tasks=10
		Data-local map tasks=10
		Total time spent by all maps in occupied slots (ms)=145560
		Total time spent by all reduces in occupied slots (ms)=158785
		Total time spent by all map tasks (ms)=29112
		Total time spent by all reduce tasks (ms)=31757
		Total vcore-milliseconds taken by all map tasks=29112
		Total vcore-milliseconds taken by all reduce tasks=31757
		Total megabyte-milliseconds taken by all map tasks=149053440
		Total megabyte-milliseconds taken by all reduce tasks=162595840
	Map-Reduce Framework
		Map input records=20210
		Map output records=20210
		Map output bytes=490303
		Map output materialized bytes=531323
		Input split bytes=1300
		Combine input records=0
		Combine output records=0
		Reduce input groups=500
		Reduce shuffle bytes=531323
		Reduce input records=20210
		Reduce output records=500
		Spilled Records=40420
		Shuffled Maps =100
		Failed Shuffles=0
		Merged Map outputs=100
		GC time elapsed (ms)=667
		CPU time spent (ms)=29070
		Physical memory (bytes) snapshot=7682543616
		Virtual memory (bytes) snapshot=150527172608
		Total committed heap usage (bytes)=42991616000
		Peak Map Physical memory (bytes)=450011136
		Peak Map Virtual memory (bytes)=7595880448
		Peak Reduce Physical memory (bytes)=341057536
		Peak Reduce Virtual memory (bytes)=7597539328
	Shuffle Errors
		BAD_ID=0
		CONNECTION=0
		IO_ERROR=0
		WRONG_LENGTH=0
		WRONG_MAP=0
		WRONG_REDUCE=0
	File Input Format Counters 
		Bytes Read=479776
	File Output Format Counters 
		Bytes Written=13238
	pegasus.PagerankNaive$PrCounters
		CONVERGE_CHECK=10#info	hashid:25681
