LogStatEvent:	/usr/local/revisedJQF/v8/RevisedJQF/xmls/eTXbf.xml#info	hashid:34401
LogStatEvent:	/efghpagerank7uPnFAkZAl#info	hashid:48417
LogStatEvent:	none#info	hashid:11327
LogStatEvent:	Connecting to ResourceManager at {}#2f08f873c798/192.161.20.17:8032#info	hashid:61510
LogStatEvent:	Connecting to ResourceManager at {}#2f08f873c798/192.161.20.17:8032#info	hashid:61510
LogStatEvent:	Disabling Erasure Coding for path: /tmp/hadoop-yarn/staging/root/.staging/job_1701359859177_0176#info	hashid:19684
LogStatEvent:	Total input files to process : 11#info	hashid:38602
LogStatEvent:	number of splits:11#info	hashid:64472
LogStatEvent:	Submitting tokens for job: job_1701359859177_0176#info	hashid:1431
LogStatEvent:	Executing with tokens: {}#[]#info	hashid:6028
LogStatEvent:	Submitted application application_1701359859177_0176#info	hashid:22438
LogStatEvent:	The url to track the job: http://2f08f873c798:8088/proxy/application_1701359859177_0176/#info	hashid:59230
LogStatEvent:	Running job: job_1701359859177_0176#info	hashid:62529
LogStatEvent:	Job job_1701359859177_0176 running in uber mode : false#info	hashid:15357
LogStatEvent:	 map 0% reduce 0%#info	hashid:42908
LogStatEvent:	 map 27% reduce 0%#info	hashid:42908
LogStatEvent:	 map 55% reduce 0%#info	hashid:42908
LogStatEvent:	 map 64% reduce 0%#info	hashid:42908
LogStatEvent:	 map 73% reduce 0%#info	hashid:42908
LogStatEvent:	 map 82% reduce 0%#info	hashid:42908
LogStatEvent:	 map 91% reduce 0%#info	hashid:42908
LogStatEvent:	 map 100% reduce 3%#info	hashid:42908
LogStatEvent:	 map 100% reduce 20%#info	hashid:42908
LogStatEvent:	 map 100% reduce 30%#info	hashid:42908
LogStatEvent:	 map 100% reduce 50%#info	hashid:42908
LogStatEvent:	 map 100% reduce 60%#info	hashid:42908
LogStatEvent:	 map 100% reduce 80%#info	hashid:42908
LogStatEvent:	 map 100% reduce 90%#info	hashid:42908
LogStatEvent:	 map 100% reduce 100%#info	hashid:42908
LogStatEvent:	Job job_1701359859177_0176 completed successfully#info	hashid:42324
LogStatEvent:	Counters: 54
	File System Counters
		FILE: Number of bytes read=193243
		FILE: Number of bytes written=6215510
		FILE: Number of read operations=0
		FILE: Number of large read operations=0
		FILE: Number of write operations=0
		HDFS: Number of bytes read=149688
		HDFS: Number of bytes written=479776
		HDFS: Number of read operations=83
		HDFS: Number of large read operations=0
		HDFS: Number of write operations=20
		HDFS: Number of bytes read erasure-coded=0
	Job Counters 
		Launched map tasks=11
		Launched reduce tasks=10
		Data-local map tasks=11
		Total time spent by all maps in occupied slots (ms)=143870
		Total time spent by all reduces in occupied slots (ms)=239550
		Total time spent by all map tasks (ms)=28774
		Total time spent by all reduce tasks (ms)=47910
		Total vcore-milliseconds taken by all map tasks=28774
		Total vcore-milliseconds taken by all reduce tasks=47910
		Total megabyte-milliseconds taken by all map tasks=147322880
		Total megabyte-milliseconds taken by all reduce tasks=245299200
	Map-Reduce Framework
		Map input records=20210
		Map output records=20210
		Map output bytes=152763
		Map output materialized bytes=193843
		Input split bytes=1398
		Combine input records=0
		Combine output records=0
		Reduce input groups=500
		Reduce shuffle bytes=193843
		Reduce input records=20210
		Reduce output records=20210
		Spilled Records=40420
		Shuffled Maps =110
		Failed Shuffles=0
		Merged Map outputs=110
		GC time elapsed (ms)=729
		CPU time spent (ms)=32320
		Physical memory (bytes) snapshot=8178597888
		Virtual memory (bytes) snapshot=158060093440
		Total committed heap usage (bytes)=45141196800
		Peak Map Physical memory (bytes)=474705920
		Peak Map Virtual memory (bytes)=7587598336
		Peak Reduce Physical memory (bytes)=370245632
		Peak Reduce Virtual memory (bytes)=7595085824
	Shuffle Errors
		BAD_ID=0
		CONNECTION=0
		IO_ERROR=0
		WRONG_LENGTH=0
		WRONG_MAP=0
		WRONG_REDUCE=0
	File Input Format Counters 
		Bytes Read=148290
	File Output Format Counters 
		Bytes Written=479776#info	hashid:29625
LogStatEvent:	Connecting to ResourceManager at {}#2f08f873c798/192.161.20.17:8032#info	hashid:61510
LogStatEvent:	Connecting to ResourceManager at {}#2f08f873c798/192.161.20.17:8032#info	hashid:61510
LogStatEvent:	Disabling Erasure Coding for path: /tmp/hadoop-yarn/staging/root/.staging/job_1701359859177_0177#info	hashid:19684
LogStatEvent:	Total input files to process : 10#info	hashid:38602
LogStatEvent:	number of splits:10#info	hashid:64472
LogStatEvent:	Submitting tokens for job: job_1701359859177_0177#info	hashid:1431
LogStatEvent:	Executing with tokens: {}#[]#info	hashid:6028
LogStatEvent:	Submitted application application_1701359859177_0177#info	hashid:22438
LogStatEvent:	The url to track the job: http://2f08f873c798:8088/proxy/application_1701359859177_0177/#info	hashid:59230
LogStatEvent:	Running job: job_1701359859177_0177#info	hashid:62529
LogStatEvent:	Job job_1701359859177_0177 running in uber mode : false#info	hashid:15357
LogStatEvent:	 map 0% reduce 0%#info	hashid:42908
LogStatEvent:	 map 20% reduce 0%#info	hashid:42908
LogStatEvent:	 map 30% reduce 0%#info	hashid:42908
LogStatEvent:	 map 60% reduce 0%#info	hashid:42908
LogStatEvent:	 map 80% reduce 0%#info	hashid:42908
LogStatEvent:	 map 100% reduce 0%#info	hashid:42908
LogStatEvent:	 map 100% reduce 10%#info	hashid:42908
LogStatEvent:	 map 100% reduce 20%#info	hashid:42908
LogStatEvent:	 map 100% reduce 30%#info	hashid:42908
LogStatEvent:	 map 100% reduce 40%#info	hashid:42908
LogStatEvent:	 map 100% reduce 50%#info	hashid:42908
LogStatEvent:	 map 100% reduce 60%#info	hashid:42908
LogStatEvent:	 map 100% reduce 70%#info	hashid:42908
LogStatEvent:	 map 100% reduce 80%#info	hashid:42908
LogStatEvent:	 map 100% reduce 100%#info	hashid:42908
LogStatEvent:	Job job_1701359859177_0177 completed successfully#info	hashid:42324
LogStatEvent:	Counters: 56
	File System Counters
		FILE: Number of bytes read=530783
		FILE: Number of bytes written=6611776
		FILE: Number of read operations=0
		FILE: Number of large read operations=0
		FILE: Number of write operations=0
		HDFS: Number of bytes read=481076
		HDFS: Number of bytes written=13238
		HDFS: Number of read operations=80
		HDFS: Number of large read operations=0
		HDFS: Number of write operations=20
		HDFS: Number of bytes read erasure-coded=0
	Job Counters 
		Killed reduce tasks=1
		Launched map tasks=10
		Launched reduce tasks=10
		Data-local map tasks=10
		Total time spent by all maps in occupied slots (ms)=133735
		Total time spent by all reduces in occupied slots (ms)=161565
		Total time spent by all map tasks (ms)=26747
		Total time spent by all reduce tasks (ms)=32313
		Total vcore-milliseconds taken by all map tasks=26747
		Total vcore-milliseconds taken by all reduce tasks=32313
		Total megabyte-milliseconds taken by all map tasks=136944640
		Total megabyte-milliseconds taken by all reduce tasks=165442560
	Map-Reduce Framework
		Map input records=20210
		Map output records=20210
		Map output bytes=490303
		Map output materialized bytes=531323
		Input split bytes=1300
		Combine input records=0
		Combine output records=0
		Reduce input groups=500
		Reduce shuffle bytes=531323
		Reduce input records=20210
		Reduce output records=500
		Spilled Records=40420
		Shuffled Maps =100
		Failed Shuffles=0
		Merged Map outputs=100
		GC time elapsed (ms)=692
		CPU time spent (ms)=29520
		Physical memory (bytes) snapshot=7630491648
		Virtual memory (bytes) snapshot=150602514432
		Total committed heap usage (bytes)=42991616000
		Peak Map Physical memory (bytes)=439685120
		Peak Map Virtual memory (bytes)=7587704832
		Peak Reduce Physical memory (bytes)=338120704
		Peak Reduce Virtual memory (bytes)=7597248512
	Shuffle Errors
		BAD_ID=0
		CONNECTION=0
		IO_ERROR=0
		WRONG_LENGTH=0
		WRONG_MAP=0
		WRONG_REDUCE=0
	File Input Format Counters 
		Bytes Read=479776
	File Output Format Counters 
		Bytes Written=13238
	pegasus.PagerankNaive$PrCounters
		CONVERGE_CHECK=10#info	hashid:25681
